<?xml version="1.0" encoding="UTF-8"?>
<!-- Generated by org.testng.reporters.JUnitReportReporter -->
<testsuite hostname="DESKTOP-5GI3OCP" failures="0" tests="3" name="crm.qa.tests.LoginTest" time="21.672" errors="0" timestamp="23 Mar. 2021 19:34:06 GMT" skipped="0">
  <testcase classname="crm.qa.tests.LoginTest" name="validateTitlePageTest" time="5.418"/>
  <testcase classname="crm.qa.tests.LoginTest" name="validateCRMLogoTest" time="5.697"/>
  <testcase classname="crm.qa.tests.LoginTest" name="validateLoginTest" time="10.557"/>
</testsuite> <!-- crm.qa.tests.LoginTest -->
