<?xml version="1.0" encoding="UTF-8"?>
<!-- Generated by org.testng.reporters.JUnitReportReporter -->
<testsuite hostname="DESKTOP-5GI3OCP" failures="0" tests="2" name="crm.qa.tests.HomePageTest" time="34.411" errors="0" timestamp="05 Apr. 2021 20:06:52 GMT" skipped="0">
  <testcase classname="crm.qa.tests.HomePageTest" name="validateContactUserTest" time="22.720"/>
  <testcase classname="crm.qa.tests.HomePageTest" name="validateHomePageTitleTest" time="11.691"/>
</testsuite> <!-- crm.qa.tests.HomePageTest -->
