<?xml version="1.0" encoding="UTF-8"?>
<!-- Generated by org.testng.reporters.JUnitReportReporter -->
<testsuite skipped="0" hostname="DESKTOP-5GI3OCP" name="crm.qa.tests.HomePageTest" tests="2" failures="0" timestamp="05 Apr 2021 22:06:07 GMT" time="28.285" errors="0">
  <testcase name="validateContactUserTest" time="16.484" classname="crm.qa.tests.HomePageTest"/>
  <testcase name="validateHomePageTitleTest" time="11.801" classname="crm.qa.tests.HomePageTest"/>
</testsuite> <!-- crm.qa.tests.HomePageTest -->
